[2025-12-05T01:55:45.994+0000] {processor.py:186} INFO - Started process (PID=33) to work on /opt/airflow/dags/banking_etl_dag.py
[2025-12-05T01:55:45.996+0000] {processor.py:914} INFO - Processing file /opt/airflow/dags/banking_etl_dag.py for tasks to queue
[2025-12-05T01:55:46.000+0000] {logging_mixin.py:190} INFO - [2025-12-05T01:55:45.999+0000] {dagbag.py:588} INFO - Filling up the DagBag from /opt/airflow/dags/banking_etl_dag.py
[2025-12-05T01:55:53.203+0000] {processor.py:925} INFO - DAG(s) 'banking_etl_dag' retrieved from /opt/airflow/dags/banking_etl_dag.py
[2025-12-05T01:55:53.806+0000] {logging_mixin.py:190} INFO - [2025-12-05T01:55:53.800+0000] {override.py:1900} INFO - Created Permission View: can delete on DAG:banking_etl_dag
[2025-12-05T01:55:53.825+0000] {logging_mixin.py:190} INFO - [2025-12-05T01:55:53.824+0000] {override.py:1900} INFO - Created Permission View: can read on DAG:banking_etl_dag
[2025-12-05T01:55:53.843+0000] {logging_mixin.py:190} INFO - [2025-12-05T01:55:53.842+0000] {override.py:1900} INFO - Created Permission View: can edit on DAG:banking_etl_dag
[2025-12-05T01:55:53.861+0000] {logging_mixin.py:190} INFO - [2025-12-05T01:55:53.861+0000] {override.py:1900} INFO - Created Permission View: can delete on DAG Run:banking_etl_dag
[2025-12-05T01:55:53.878+0000] {logging_mixin.py:190} INFO - [2025-12-05T01:55:53.877+0000] {override.py:1900} INFO - Created Permission View: menu access on DAG Run:banking_etl_dag
[2025-12-05T01:55:53.906+0000] {logging_mixin.py:190} INFO - [2025-12-05T01:55:53.905+0000] {override.py:1900} INFO - Created Permission View: can read on DAG Run:banking_etl_dag
[2025-12-05T01:55:53.924+0000] {logging_mixin.py:190} INFO - [2025-12-05T01:55:53.923+0000] {override.py:1900} INFO - Created Permission View: can create on DAG Run:banking_etl_dag
[2025-12-05T01:55:53.925+0000] {logging_mixin.py:190} INFO - [2025-12-05T01:55:53.925+0000] {dag.py:3239} INFO - Sync 1 DAGs
[2025-12-05T01:55:53.950+0000] {logging_mixin.py:190} INFO - [2025-12-05T01:55:53.949+0000] {dag.py:3262} INFO - Creating ORM DAG for banking_etl_dag
[2025-12-05T01:55:53.952+0000] {logging_mixin.py:190} INFO - [2025-12-05T01:55:53.952+0000] {dag.py:4180} INFO - Setting next_dagrun for banking_etl_dag to None, run_after=None
[2025-12-05T01:55:54.004+0000] {processor.py:208} INFO - Processing /opt/airflow/dags/banking_etl_dag.py took 8.024 seconds
[2025-12-05T01:56:24.624+0000] {processor.py:186} INFO - Started process (PID=46) to work on /opt/airflow/dags/banking_etl_dag.py
[2025-12-05T01:56:24.627+0000] {processor.py:914} INFO - Processing file /opt/airflow/dags/banking_etl_dag.py for tasks to queue
[2025-12-05T01:56:24.635+0000] {logging_mixin.py:190} INFO - [2025-12-05T01:56:24.634+0000] {dagbag.py:588} INFO - Filling up the DagBag from /opt/airflow/dags/banking_etl_dag.py
[2025-12-05T01:56:26.275+0000] {processor.py:925} INFO - DAG(s) 'banking_etl_dag' retrieved from /opt/airflow/dags/banking_etl_dag.py
[2025-12-05T01:56:26.354+0000] {logging_mixin.py:190} INFO - [2025-12-05T01:56:26.354+0000] {dag.py:3239} INFO - Sync 1 DAGs
[2025-12-05T01:56:26.406+0000] {logging_mixin.py:190} INFO - [2025-12-05T01:56:26.405+0000] {dag.py:4180} INFO - Setting next_dagrun for banking_etl_dag to None, run_after=None
[2025-12-05T01:56:26.469+0000] {processor.py:208} INFO - Processing /opt/airflow/dags/banking_etl_dag.py took 1.866 seconds
[2025-12-05T01:56:57.148+0000] {processor.py:186} INFO - Started process (PID=59) to work on /opt/airflow/dags/banking_etl_dag.py
[2025-12-05T01:56:57.156+0000] {processor.py:914} INFO - Processing file /opt/airflow/dags/banking_etl_dag.py for tasks to queue
[2025-12-05T01:56:57.172+0000] {logging_mixin.py:190} INFO - [2025-12-05T01:56:57.169+0000] {dagbag.py:588} INFO - Filling up the DagBag from /opt/airflow/dags/banking_etl_dag.py
[2025-12-05T01:56:59.722+0000] {processor.py:925} INFO - DAG(s) 'banking_etl_dag' retrieved from /opt/airflow/dags/banking_etl_dag.py
[2025-12-05T01:56:59.834+0000] {logging_mixin.py:190} INFO - [2025-12-05T01:56:59.833+0000] {dag.py:3239} INFO - Sync 1 DAGs
[2025-12-05T01:56:59.897+0000] {logging_mixin.py:190} INFO - [2025-12-05T01:56:59.896+0000] {dag.py:4180} INFO - Setting next_dagrun for banking_etl_dag to None, run_after=None
[2025-12-05T01:56:59.972+0000] {processor.py:208} INFO - Processing /opt/airflow/dags/banking_etl_dag.py took 2.857 seconds
[2025-12-05T01:57:30.729+0000] {processor.py:186} INFO - Started process (PID=72) to work on /opt/airflow/dags/banking_etl_dag.py
[2025-12-05T01:57:30.732+0000] {processor.py:914} INFO - Processing file /opt/airflow/dags/banking_etl_dag.py for tasks to queue
[2025-12-05T01:57:30.737+0000] {logging_mixin.py:190} INFO - [2025-12-05T01:57:30.736+0000] {dagbag.py:588} INFO - Filling up the DagBag from /opt/airflow/dags/banking_etl_dag.py
[2025-12-05T01:57:32.107+0000] {processor.py:925} INFO - DAG(s) 'banking_etl_dag' retrieved from /opt/airflow/dags/banking_etl_dag.py
[2025-12-05T01:57:32.191+0000] {logging_mixin.py:190} INFO - [2025-12-05T01:57:32.189+0000] {dag.py:3239} INFO - Sync 1 DAGs
[2025-12-05T01:57:32.241+0000] {logging_mixin.py:190} INFO - [2025-12-05T01:57:32.240+0000] {dag.py:4180} INFO - Setting next_dagrun for banking_etl_dag to None, run_after=None
[2025-12-05T01:57:32.307+0000] {processor.py:208} INFO - Processing /opt/airflow/dags/banking_etl_dag.py took 1.595 seconds
[2025-12-05T01:58:02.920+0000] {processor.py:186} INFO - Started process (PID=85) to work on /opt/airflow/dags/banking_etl_dag.py
[2025-12-05T01:58:02.922+0000] {processor.py:914} INFO - Processing file /opt/airflow/dags/banking_etl_dag.py for tasks to queue
[2025-12-05T01:58:02.929+0000] {logging_mixin.py:190} INFO - [2025-12-05T01:58:02.927+0000] {dagbag.py:588} INFO - Filling up the DagBag from /opt/airflow/dags/banking_etl_dag.py
[2025-12-05T01:58:04.211+0000] {processor.py:925} INFO - DAG(s) 'banking_etl_dag' retrieved from /opt/airflow/dags/banking_etl_dag.py
[2025-12-05T01:58:04.287+0000] {logging_mixin.py:190} INFO - [2025-12-05T01:58:04.286+0000] {dag.py:3239} INFO - Sync 1 DAGs
[2025-12-05T01:58:04.319+0000] {logging_mixin.py:190} INFO - [2025-12-05T01:58:04.318+0000] {dag.py:4180} INFO - Setting next_dagrun for banking_etl_dag to None, run_after=None
[2025-12-05T01:58:04.373+0000] {processor.py:208} INFO - Processing /opt/airflow/dags/banking_etl_dag.py took 1.466 seconds
[2025-12-05T01:58:34.735+0000] {processor.py:186} INFO - Started process (PID=98) to work on /opt/airflow/dags/banking_etl_dag.py
[2025-12-05T01:58:34.737+0000] {processor.py:914} INFO - Processing file /opt/airflow/dags/banking_etl_dag.py for tasks to queue
[2025-12-05T01:58:34.742+0000] {logging_mixin.py:190} INFO - [2025-12-05T01:58:34.742+0000] {dagbag.py:588} INFO - Filling up the DagBag from /opt/airflow/dags/banking_etl_dag.py
[2025-12-05T01:58:36.100+0000] {processor.py:925} INFO - DAG(s) 'banking_etl_dag' retrieved from /opt/airflow/dags/banking_etl_dag.py
[2025-12-05T01:58:36.154+0000] {logging_mixin.py:190} INFO - [2025-12-05T01:58:36.154+0000] {dag.py:3239} INFO - Sync 1 DAGs
[2025-12-05T01:58:36.191+0000] {logging_mixin.py:190} INFO - [2025-12-05T01:58:36.190+0000] {dag.py:4180} INFO - Setting next_dagrun for banking_etl_dag to None, run_after=None
[2025-12-05T01:58:36.241+0000] {processor.py:208} INFO - Processing /opt/airflow/dags/banking_etl_dag.py took 1.517 seconds
[2025-12-05T05:35:46.180+0000] {processor.py:186} INFO - Started process (PID=72) to work on /opt/airflow/dags/banking_etl_dag.py
[2025-12-05T05:35:46.182+0000] {processor.py:914} INFO - Processing file /opt/airflow/dags/banking_etl_dag.py for tasks to queue
[2025-12-05T05:35:46.187+0000] {logging_mixin.py:190} INFO - [2025-12-05T05:35:46.185+0000] {dagbag.py:588} INFO - Filling up the DagBag from /opt/airflow/dags/banking_etl_dag.py
[2025-12-05T05:35:51.575+0000] {processor.py:925} INFO - DAG(s) 'banking_etl_dag' retrieved from /opt/airflow/dags/banking_etl_dag.py
[2025-12-05T05:35:51.643+0000] {logging_mixin.py:190} INFO - [2025-12-05T05:35:51.642+0000] {dag.py:3239} INFO - Sync 1 DAGs
[2025-12-05T05:35:51.687+0000] {logging_mixin.py:190} INFO - [2025-12-05T05:35:51.686+0000] {dag.py:4180} INFO - Setting next_dagrun for banking_etl_dag to None, run_after=None
[2025-12-05T05:35:51.732+0000] {processor.py:208} INFO - Processing /opt/airflow/dags/banking_etl_dag.py took 5.564 seconds
[2025-12-05T05:36:22.156+0000] {processor.py:186} INFO - Started process (PID=85) to work on /opt/airflow/dags/banking_etl_dag.py
[2025-12-05T05:36:22.158+0000] {processor.py:914} INFO - Processing file /opt/airflow/dags/banking_etl_dag.py for tasks to queue
[2025-12-05T05:36:22.164+0000] {logging_mixin.py:190} INFO - [2025-12-05T05:36:22.163+0000] {dagbag.py:588} INFO - Filling up the DagBag from /opt/airflow/dags/banking_etl_dag.py
[2025-12-05T05:36:23.138+0000] {processor.py:925} INFO - DAG(s) 'banking_etl_dag' retrieved from /opt/airflow/dags/banking_etl_dag.py
[2025-12-05T05:36:23.231+0000] {logging_mixin.py:190} INFO - [2025-12-05T05:36:23.231+0000] {dag.py:3239} INFO - Sync 1 DAGs
[2025-12-05T05:36:23.289+0000] {logging_mixin.py:190} INFO - [2025-12-05T05:36:23.289+0000] {dag.py:4180} INFO - Setting next_dagrun for banking_etl_dag to None, run_after=None
[2025-12-05T05:36:23.352+0000] {processor.py:208} INFO - Processing /opt/airflow/dags/banking_etl_dag.py took 1.206 seconds
[2025-12-05T05:36:53.543+0000] {processor.py:186} INFO - Started process (PID=98) to work on /opt/airflow/dags/banking_etl_dag.py
[2025-12-05T05:36:53.547+0000] {processor.py:914} INFO - Processing file /opt/airflow/dags/banking_etl_dag.py for tasks to queue
[2025-12-05T05:36:53.554+0000] {logging_mixin.py:190} INFO - [2025-12-05T05:36:53.553+0000] {dagbag.py:588} INFO - Filling up the DagBag from /opt/airflow/dags/banking_etl_dag.py
[2025-12-05T05:36:54.570+0000] {processor.py:925} INFO - DAG(s) 'banking_etl_dag' retrieved from /opt/airflow/dags/banking_etl_dag.py
[2025-12-05T05:36:54.616+0000] {logging_mixin.py:190} INFO - [2025-12-05T05:36:54.616+0000] {dag.py:3239} INFO - Sync 1 DAGs
[2025-12-05T05:36:54.644+0000] {logging_mixin.py:190} INFO - [2025-12-05T05:36:54.643+0000] {dag.py:4180} INFO - Setting next_dagrun for banking_etl_dag to None, run_after=None
[2025-12-05T05:36:54.680+0000] {processor.py:208} INFO - Processing /opt/airflow/dags/banking_etl_dag.py took 1.151 seconds
[2025-12-05T05:37:24.885+0000] {processor.py:186} INFO - Started process (PID=111) to work on /opt/airflow/dags/banking_etl_dag.py
[2025-12-05T05:37:24.887+0000] {processor.py:914} INFO - Processing file /opt/airflow/dags/banking_etl_dag.py for tasks to queue
[2025-12-05T05:37:24.891+0000] {logging_mixin.py:190} INFO - [2025-12-05T05:37:24.890+0000] {dagbag.py:588} INFO - Filling up the DagBag from /opt/airflow/dags/banking_etl_dag.py
[2025-12-05T05:37:25.701+0000] {processor.py:925} INFO - DAG(s) 'banking_etl_dag' retrieved from /opt/airflow/dags/banking_etl_dag.py
[2025-12-05T05:37:25.739+0000] {logging_mixin.py:190} INFO - [2025-12-05T05:37:25.738+0000] {dag.py:3239} INFO - Sync 1 DAGs
[2025-12-05T05:37:25.757+0000] {logging_mixin.py:190} INFO - [2025-12-05T05:37:25.757+0000] {dag.py:4180} INFO - Setting next_dagrun for banking_etl_dag to None, run_after=None
[2025-12-05T05:37:25.785+0000] {processor.py:208} INFO - Processing /opt/airflow/dags/banking_etl_dag.py took 0.909 seconds
[2025-12-05T05:37:56.206+0000] {processor.py:186} INFO - Started process (PID=124) to work on /opt/airflow/dags/banking_etl_dag.py
[2025-12-05T05:37:56.209+0000] {processor.py:914} INFO - Processing file /opt/airflow/dags/banking_etl_dag.py for tasks to queue
[2025-12-05T05:37:56.214+0000] {logging_mixin.py:190} INFO - [2025-12-05T05:37:56.213+0000] {dagbag.py:588} INFO - Filling up the DagBag from /opt/airflow/dags/banking_etl_dag.py
[2025-12-05T05:37:57.559+0000] {processor.py:925} INFO - DAG(s) 'banking_etl_dag' retrieved from /opt/airflow/dags/banking_etl_dag.py
[2025-12-05T05:37:57.638+0000] {logging_mixin.py:190} INFO - [2025-12-05T05:37:57.638+0000] {dag.py:3239} INFO - Sync 1 DAGs
[2025-12-05T05:37:57.687+0000] {logging_mixin.py:190} INFO - [2025-12-05T05:37:57.681+0000] {dag.py:4180} INFO - Setting next_dagrun for banking_etl_dag to None, run_after=None
[2025-12-05T05:37:57.745+0000] {processor.py:208} INFO - Processing /opt/airflow/dags/banking_etl_dag.py took 1.552 seconds
[2025-12-05T05:38:27.963+0000] {processor.py:186} INFO - Started process (PID=137) to work on /opt/airflow/dags/banking_etl_dag.py
[2025-12-05T05:38:27.967+0000] {processor.py:914} INFO - Processing file /opt/airflow/dags/banking_etl_dag.py for tasks to queue
[2025-12-05T05:38:27.979+0000] {logging_mixin.py:190} INFO - [2025-12-05T05:38:27.976+0000] {dagbag.py:588} INFO - Filling up the DagBag from /opt/airflow/dags/banking_etl_dag.py
[2025-12-05T05:38:29.601+0000] {processor.py:925} INFO - DAG(s) 'banking_etl_dag' retrieved from /opt/airflow/dags/banking_etl_dag.py
[2025-12-05T05:38:29.682+0000] {logging_mixin.py:190} INFO - [2025-12-05T05:38:29.681+0000] {dag.py:3239} INFO - Sync 1 DAGs
[2025-12-05T05:38:29.725+0000] {logging_mixin.py:190} INFO - [2025-12-05T05:38:29.725+0000] {dag.py:4180} INFO - Setting next_dagrun for banking_etl_dag to None, run_after=None
[2025-12-05T05:38:29.791+0000] {processor.py:208} INFO - Processing /opt/airflow/dags/banking_etl_dag.py took 1.866 seconds
[2025-12-05T05:39:59.213+0000] {processor.py:186} INFO - Started process (PID=33) to work on /opt/airflow/dags/banking_etl_dag.py
[2025-12-05T05:39:59.222+0000] {processor.py:914} INFO - Processing file /opt/airflow/dags/banking_etl_dag.py for tasks to queue
[2025-12-05T05:39:59.228+0000] {logging_mixin.py:190} INFO - [2025-12-05T05:39:59.227+0000] {dagbag.py:588} INFO - Filling up the DagBag from /opt/airflow/dags/banking_etl_dag.py
[2025-12-05T05:40:01.191+0000] {processor.py:925} INFO - DAG(s) 'banking_etl_dag' retrieved from /opt/airflow/dags/banking_etl_dag.py
[2025-12-05T05:40:01.283+0000] {logging_mixin.py:190} INFO - [2025-12-05T05:40:01.283+0000] {dag.py:3239} INFO - Sync 1 DAGs
[2025-12-05T05:40:01.346+0000] {logging_mixin.py:190} INFO - [2025-12-05T05:40:01.345+0000] {dag.py:4180} INFO - Setting next_dagrun for banking_etl_dag to None, run_after=None
[2025-12-05T05:40:01.417+0000] {processor.py:208} INFO - Processing /opt/airflow/dags/banking_etl_dag.py took 2.232 seconds
[2025-12-05T05:40:31.883+0000] {processor.py:186} INFO - Started process (PID=46) to work on /opt/airflow/dags/banking_etl_dag.py
[2025-12-05T05:40:31.888+0000] {processor.py:914} INFO - Processing file /opt/airflow/dags/banking_etl_dag.py for tasks to queue
[2025-12-05T05:40:31.904+0000] {logging_mixin.py:190} INFO - [2025-12-05T05:40:31.896+0000] {dagbag.py:588} INFO - Filling up the DagBag from /opt/airflow/dags/banking_etl_dag.py
[2025-12-05T05:40:33.358+0000] {processor.py:925} INFO - DAG(s) 'banking_etl_dag' retrieved from /opt/airflow/dags/banking_etl_dag.py
[2025-12-05T05:40:33.455+0000] {logging_mixin.py:190} INFO - [2025-12-05T05:40:33.454+0000] {dag.py:3239} INFO - Sync 1 DAGs
[2025-12-05T05:40:33.510+0000] {logging_mixin.py:190} INFO - [2025-12-05T05:40:33.509+0000] {dag.py:4180} INFO - Setting next_dagrun for banking_etl_dag to None, run_after=None
[2025-12-05T05:40:33.556+0000] {processor.py:208} INFO - Processing /opt/airflow/dags/banking_etl_dag.py took 1.701 seconds
[2025-12-05T05:41:04.191+0000] {processor.py:186} INFO - Started process (PID=59) to work on /opt/airflow/dags/banking_etl_dag.py
[2025-12-05T05:41:04.193+0000] {processor.py:914} INFO - Processing file /opt/airflow/dags/banking_etl_dag.py for tasks to queue
[2025-12-05T05:41:04.198+0000] {logging_mixin.py:190} INFO - [2025-12-05T05:41:04.197+0000] {dagbag.py:588} INFO - Filling up the DagBag from /opt/airflow/dags/banking_etl_dag.py
[2025-12-05T05:41:05.529+0000] {processor.py:925} INFO - DAG(s) 'banking_etl_dag' retrieved from /opt/airflow/dags/banking_etl_dag.py
[2025-12-05T05:41:05.599+0000] {logging_mixin.py:190} INFO - [2025-12-05T05:41:05.598+0000] {dag.py:3239} INFO - Sync 1 DAGs
[2025-12-05T05:41:05.640+0000] {logging_mixin.py:190} INFO - [2025-12-05T05:41:05.639+0000] {dag.py:4180} INFO - Setting next_dagrun for banking_etl_dag to None, run_after=None
[2025-12-05T05:41:05.687+0000] {processor.py:208} INFO - Processing /opt/airflow/dags/banking_etl_dag.py took 1.513 seconds
[2025-12-05T05:41:36.097+0000] {processor.py:186} INFO - Started process (PID=72) to work on /opt/airflow/dags/banking_etl_dag.py
[2025-12-05T05:41:36.100+0000] {processor.py:914} INFO - Processing file /opt/airflow/dags/banking_etl_dag.py for tasks to queue
[2025-12-05T05:41:36.107+0000] {logging_mixin.py:190} INFO - [2025-12-05T05:41:36.106+0000] {dagbag.py:588} INFO - Filling up the DagBag from /opt/airflow/dags/banking_etl_dag.py
[2025-12-05T05:41:37.367+0000] {processor.py:925} INFO - DAG(s) 'banking_etl_dag' retrieved from /opt/airflow/dags/banking_etl_dag.py
[2025-12-05T05:41:37.430+0000] {logging_mixin.py:190} INFO - [2025-12-05T05:41:37.429+0000] {dag.py:3239} INFO - Sync 1 DAGs
[2025-12-05T05:41:37.473+0000] {logging_mixin.py:190} INFO - [2025-12-05T05:41:37.472+0000] {dag.py:4180} INFO - Setting next_dagrun for banking_etl_dag to None, run_after=None
[2025-12-05T05:41:37.529+0000] {processor.py:208} INFO - Processing /opt/airflow/dags/banking_etl_dag.py took 1.448 seconds
[2025-12-05T05:42:07.706+0000] {processor.py:186} INFO - Started process (PID=85) to work on /opt/airflow/dags/banking_etl_dag.py
[2025-12-05T05:42:07.709+0000] {processor.py:914} INFO - Processing file /opt/airflow/dags/banking_etl_dag.py for tasks to queue
[2025-12-05T05:42:07.716+0000] {logging_mixin.py:190} INFO - [2025-12-05T05:42:07.715+0000] {dagbag.py:588} INFO - Filling up the DagBag from /opt/airflow/dags/banking_etl_dag.py
[2025-12-05T05:42:08.993+0000] {processor.py:925} INFO - DAG(s) 'banking_etl_dag' retrieved from /opt/airflow/dags/banking_etl_dag.py
[2025-12-05T05:42:09.051+0000] {logging_mixin.py:190} INFO - [2025-12-05T05:42:09.051+0000] {dag.py:3239} INFO - Sync 1 DAGs
[2025-12-05T05:42:09.080+0000] {logging_mixin.py:190} INFO - [2025-12-05T05:42:09.080+0000] {dag.py:4180} INFO - Setting next_dagrun for banking_etl_dag to None, run_after=None
[2025-12-05T05:42:09.123+0000] {processor.py:208} INFO - Processing /opt/airflow/dags/banking_etl_dag.py took 1.431 seconds
[2025-12-05T05:42:39.535+0000] {processor.py:186} INFO - Started process (PID=98) to work on /opt/airflow/dags/banking_etl_dag.py
[2025-12-05T05:42:39.539+0000] {processor.py:914} INFO - Processing file /opt/airflow/dags/banking_etl_dag.py for tasks to queue
[2025-12-05T05:42:39.554+0000] {logging_mixin.py:190} INFO - [2025-12-05T05:42:39.552+0000] {dagbag.py:588} INFO - Filling up the DagBag from /opt/airflow/dags/banking_etl_dag.py
[2025-12-05T05:42:40.908+0000] {processor.py:925} INFO - DAG(s) 'banking_etl_dag' retrieved from /opt/airflow/dags/banking_etl_dag.py
[2025-12-05T05:42:40.970+0000] {logging_mixin.py:190} INFO - [2025-12-05T05:42:40.970+0000] {dag.py:3239} INFO - Sync 1 DAGs
[2025-12-05T05:42:40.999+0000] {logging_mixin.py:190} INFO - [2025-12-05T05:42:40.998+0000] {dag.py:4180} INFO - Setting next_dagrun for banking_etl_dag to None, run_after=None
[2025-12-05T05:42:41.038+0000] {processor.py:208} INFO - Processing /opt/airflow/dags/banking_etl_dag.py took 1.528 seconds
[2025-12-05T05:43:11.589+0000] {processor.py:186} INFO - Started process (PID=111) to work on /opt/airflow/dags/banking_etl_dag.py
[2025-12-05T05:43:11.593+0000] {processor.py:914} INFO - Processing file /opt/airflow/dags/banking_etl_dag.py for tasks to queue
[2025-12-05T05:43:11.599+0000] {logging_mixin.py:190} INFO - [2025-12-05T05:43:11.598+0000] {dagbag.py:588} INFO - Filling up the DagBag from /opt/airflow/dags/banking_etl_dag.py
[2025-12-05T05:43:12.939+0000] {processor.py:925} INFO - DAG(s) 'banking_etl_dag' retrieved from /opt/airflow/dags/banking_etl_dag.py
[2025-12-05T05:43:13.014+0000] {logging_mixin.py:190} INFO - [2025-12-05T05:43:13.013+0000] {dag.py:3239} INFO - Sync 1 DAGs
[2025-12-05T05:43:13.049+0000] {logging_mixin.py:190} INFO - [2025-12-05T05:43:13.048+0000] {dag.py:4180} INFO - Setting next_dagrun for banking_etl_dag to None, run_after=None
[2025-12-05T05:43:13.103+0000] {processor.py:208} INFO - Processing /opt/airflow/dags/banking_etl_dag.py took 1.534 seconds
[2025-12-05T05:43:43.558+0000] {processor.py:186} INFO - Started process (PID=124) to work on /opt/airflow/dags/banking_etl_dag.py
[2025-12-05T05:43:43.563+0000] {processor.py:914} INFO - Processing file /opt/airflow/dags/banking_etl_dag.py for tasks to queue
[2025-12-05T05:43:43.574+0000] {logging_mixin.py:190} INFO - [2025-12-05T05:43:43.573+0000] {dagbag.py:588} INFO - Filling up the DagBag from /opt/airflow/dags/banking_etl_dag.py
[2025-12-05T05:43:44.645+0000] {processor.py:925} INFO - DAG(s) 'banking_etl_dag' retrieved from /opt/airflow/dags/banking_etl_dag.py
[2025-12-05T05:43:44.705+0000] {logging_mixin.py:190} INFO - [2025-12-05T05:43:44.705+0000] {dag.py:3239} INFO - Sync 1 DAGs
[2025-12-05T05:43:44.741+0000] {logging_mixin.py:190} INFO - [2025-12-05T05:43:44.740+0000] {dag.py:4180} INFO - Setting next_dagrun for banking_etl_dag to None, run_after=None
[2025-12-05T05:43:44.788+0000] {processor.py:208} INFO - Processing /opt/airflow/dags/banking_etl_dag.py took 1.248 seconds
[2025-12-05T05:44:15.082+0000] {processor.py:186} INFO - Started process (PID=137) to work on /opt/airflow/dags/banking_etl_dag.py
[2025-12-05T05:44:15.084+0000] {processor.py:914} INFO - Processing file /opt/airflow/dags/banking_etl_dag.py for tasks to queue
[2025-12-05T05:44:15.091+0000] {logging_mixin.py:190} INFO - [2025-12-05T05:44:15.090+0000] {dagbag.py:588} INFO - Filling up the DagBag from /opt/airflow/dags/banking_etl_dag.py
[2025-12-05T05:44:16.131+0000] {processor.py:925} INFO - DAG(s) 'banking_etl_dag' retrieved from /opt/airflow/dags/banking_etl_dag.py
[2025-12-05T05:44:16.208+0000] {logging_mixin.py:190} INFO - [2025-12-05T05:44:16.207+0000] {dag.py:3239} INFO - Sync 1 DAGs
[2025-12-05T05:44:16.248+0000] {logging_mixin.py:190} INFO - [2025-12-05T05:44:16.248+0000] {dag.py:4180} INFO - Setting next_dagrun for banking_etl_dag to None, run_after=None
[2025-12-05T05:44:16.311+0000] {processor.py:208} INFO - Processing /opt/airflow/dags/banking_etl_dag.py took 1.246 seconds
[2025-12-05T05:44:46.815+0000] {processor.py:186} INFO - Started process (PID=150) to work on /opt/airflow/dags/banking_etl_dag.py
[2025-12-05T05:44:46.818+0000] {processor.py:914} INFO - Processing file /opt/airflow/dags/banking_etl_dag.py for tasks to queue
[2025-12-05T05:44:46.823+0000] {logging_mixin.py:190} INFO - [2025-12-05T05:44:46.822+0000] {dagbag.py:588} INFO - Filling up the DagBag from /opt/airflow/dags/banking_etl_dag.py
[2025-12-05T05:44:47.786+0000] {processor.py:925} INFO - DAG(s) 'banking_etl_dag' retrieved from /opt/airflow/dags/banking_etl_dag.py
[2025-12-05T05:44:47.868+0000] {logging_mixin.py:190} INFO - [2025-12-05T05:44:47.867+0000] {dag.py:3239} INFO - Sync 1 DAGs
[2025-12-05T05:44:47.903+0000] {logging_mixin.py:190} INFO - [2025-12-05T05:44:47.903+0000] {dag.py:4180} INFO - Setting next_dagrun for banking_etl_dag to None, run_after=None
[2025-12-05T05:44:47.952+0000] {processor.py:208} INFO - Processing /opt/airflow/dags/banking_etl_dag.py took 1.151 seconds
[2025-12-05T05:45:18.427+0000] {processor.py:186} INFO - Started process (PID=163) to work on /opt/airflow/dags/banking_etl_dag.py
[2025-12-05T05:45:18.431+0000] {processor.py:914} INFO - Processing file /opt/airflow/dags/banking_etl_dag.py for tasks to queue
[2025-12-05T05:45:18.438+0000] {logging_mixin.py:190} INFO - [2025-12-05T05:45:18.437+0000] {dagbag.py:588} INFO - Filling up the DagBag from /opt/airflow/dags/banking_etl_dag.py
[2025-12-05T05:45:19.269+0000] {processor.py:925} INFO - DAG(s) 'banking_etl_dag' retrieved from /opt/airflow/dags/banking_etl_dag.py
[2025-12-05T05:45:19.344+0000] {logging_mixin.py:190} INFO - [2025-12-05T05:45:19.344+0000] {dag.py:3239} INFO - Sync 1 DAGs
[2025-12-05T05:45:19.385+0000] {logging_mixin.py:190} INFO - [2025-12-05T05:45:19.384+0000] {dag.py:4180} INFO - Setting next_dagrun for banking_etl_dag to None, run_after=None
[2025-12-05T05:45:19.440+0000] {processor.py:208} INFO - Processing /opt/airflow/dags/banking_etl_dag.py took 1.025 seconds
[2025-12-05T05:45:49.908+0000] {processor.py:186} INFO - Started process (PID=176) to work on /opt/airflow/dags/banking_etl_dag.py
[2025-12-05T05:45:49.911+0000] {processor.py:914} INFO - Processing file /opt/airflow/dags/banking_etl_dag.py for tasks to queue
[2025-12-05T05:45:49.917+0000] {logging_mixin.py:190} INFO - [2025-12-05T05:45:49.916+0000] {dagbag.py:588} INFO - Filling up the DagBag from /opt/airflow/dags/banking_etl_dag.py
[2025-12-05T05:45:50.864+0000] {processor.py:925} INFO - DAG(s) 'banking_etl_dag' retrieved from /opt/airflow/dags/banking_etl_dag.py
[2025-12-05T05:45:50.951+0000] {logging_mixin.py:190} INFO - [2025-12-05T05:45:50.951+0000] {dag.py:3239} INFO - Sync 1 DAGs
[2025-12-05T05:45:50.991+0000] {logging_mixin.py:190} INFO - [2025-12-05T05:45:50.990+0000] {dag.py:4180} INFO - Setting next_dagrun for banking_etl_dag to None, run_after=None
[2025-12-05T05:45:51.036+0000] {processor.py:208} INFO - Processing /opt/airflow/dags/banking_etl_dag.py took 1.145 seconds
[2025-12-05T05:46:21.442+0000] {processor.py:186} INFO - Started process (PID=189) to work on /opt/airflow/dags/banking_etl_dag.py
[2025-12-05T05:46:21.445+0000] {processor.py:914} INFO - Processing file /opt/airflow/dags/banking_etl_dag.py for tasks to queue
[2025-12-05T05:46:21.452+0000] {logging_mixin.py:190} INFO - [2025-12-05T05:46:21.451+0000] {dagbag.py:588} INFO - Filling up the DagBag from /opt/airflow/dags/banking_etl_dag.py
[2025-12-05T05:46:22.487+0000] {processor.py:925} INFO - DAG(s) 'banking_etl_dag' retrieved from /opt/airflow/dags/banking_etl_dag.py
[2025-12-05T05:46:22.560+0000] {logging_mixin.py:190} INFO - [2025-12-05T05:46:22.559+0000] {dag.py:3239} INFO - Sync 1 DAGs
[2025-12-05T05:46:22.594+0000] {logging_mixin.py:190} INFO - [2025-12-05T05:46:22.593+0000] {dag.py:4180} INFO - Setting next_dagrun for banking_etl_dag to None, run_after=None
[2025-12-05T05:46:22.637+0000] {processor.py:208} INFO - Processing /opt/airflow/dags/banking_etl_dag.py took 1.212 seconds
[2025-12-05T05:46:53.081+0000] {processor.py:186} INFO - Started process (PID=202) to work on /opt/airflow/dags/banking_etl_dag.py
[2025-12-05T05:46:53.086+0000] {processor.py:914} INFO - Processing file /opt/airflow/dags/banking_etl_dag.py for tasks to queue
[2025-12-05T05:46:53.093+0000] {logging_mixin.py:190} INFO - [2025-12-05T05:46:53.092+0000] {dagbag.py:588} INFO - Filling up the DagBag from /opt/airflow/dags/banking_etl_dag.py
[2025-12-05T05:46:54.201+0000] {processor.py:925} INFO - DAG(s) 'banking_etl_dag' retrieved from /opt/airflow/dags/banking_etl_dag.py
[2025-12-05T05:46:54.290+0000] {logging_mixin.py:190} INFO - [2025-12-05T05:46:54.289+0000] {dag.py:3239} INFO - Sync 1 DAGs
[2025-12-05T05:46:54.341+0000] {logging_mixin.py:190} INFO - [2025-12-05T05:46:54.340+0000] {dag.py:4180} INFO - Setting next_dagrun for banking_etl_dag to None, run_after=None
[2025-12-05T05:46:54.439+0000] {processor.py:208} INFO - Processing /opt/airflow/dags/banking_etl_dag.py took 1.381 seconds
[2025-12-05T05:47:24.628+0000] {processor.py:186} INFO - Started process (PID=215) to work on /opt/airflow/dags/banking_etl_dag.py
[2025-12-05T05:47:24.631+0000] {processor.py:914} INFO - Processing file /opt/airflow/dags/banking_etl_dag.py for tasks to queue
[2025-12-05T05:47:24.638+0000] {logging_mixin.py:190} INFO - [2025-12-05T05:47:24.636+0000] {dagbag.py:588} INFO - Filling up the DagBag from /opt/airflow/dags/banking_etl_dag.py
[2025-12-05T05:47:25.481+0000] {processor.py:925} INFO - DAG(s) 'banking_etl_dag' retrieved from /opt/airflow/dags/banking_etl_dag.py
[2025-12-05T05:47:25.545+0000] {logging_mixin.py:190} INFO - [2025-12-05T05:47:25.545+0000] {dag.py:3239} INFO - Sync 1 DAGs
[2025-12-05T05:47:25.571+0000] {logging_mixin.py:190} INFO - [2025-12-05T05:47:25.571+0000] {dag.py:4180} INFO - Setting next_dagrun for banking_etl_dag to None, run_after=None
[2025-12-05T05:47:25.614+0000] {processor.py:208} INFO - Processing /opt/airflow/dags/banking_etl_dag.py took 1.002 seconds
[2025-12-05T05:47:56.075+0000] {processor.py:186} INFO - Started process (PID=228) to work on /opt/airflow/dags/banking_etl_dag.py
[2025-12-05T05:47:56.078+0000] {processor.py:914} INFO - Processing file /opt/airflow/dags/banking_etl_dag.py for tasks to queue
[2025-12-05T05:47:56.084+0000] {logging_mixin.py:190} INFO - [2025-12-05T05:47:56.083+0000] {dagbag.py:588} INFO - Filling up the DagBag from /opt/airflow/dags/banking_etl_dag.py
[2025-12-05T05:47:57.252+0000] {processor.py:925} INFO - DAG(s) 'banking_etl_dag' retrieved from /opt/airflow/dags/banking_etl_dag.py
[2025-12-05T05:47:57.336+0000] {logging_mixin.py:190} INFO - [2025-12-05T05:47:57.336+0000] {dag.py:3239} INFO - Sync 1 DAGs
[2025-12-05T05:47:57.396+0000] {logging_mixin.py:190} INFO - [2025-12-05T05:47:57.395+0000] {dag.py:4180} INFO - Setting next_dagrun for banking_etl_dag to None, run_after=None
[2025-12-05T05:47:57.449+0000] {processor.py:208} INFO - Processing /opt/airflow/dags/banking_etl_dag.py took 1.394 seconds
[2025-12-05T05:48:27.624+0000] {processor.py:186} INFO - Started process (PID=241) to work on /opt/airflow/dags/banking_etl_dag.py
[2025-12-05T05:48:27.627+0000] {processor.py:914} INFO - Processing file /opt/airflow/dags/banking_etl_dag.py for tasks to queue
[2025-12-05T05:48:27.633+0000] {logging_mixin.py:190} INFO - [2025-12-05T05:48:27.632+0000] {dagbag.py:588} INFO - Filling up the DagBag from /opt/airflow/dags/banking_etl_dag.py
[2025-12-05T05:48:28.534+0000] {processor.py:925} INFO - DAG(s) 'banking_etl_dag' retrieved from /opt/airflow/dags/banking_etl_dag.py
[2025-12-05T05:48:28.658+0000] {logging_mixin.py:190} INFO - [2025-12-05T05:48:28.658+0000] {dag.py:3239} INFO - Sync 1 DAGs
[2025-12-05T05:48:28.711+0000] {logging_mixin.py:190} INFO - [2025-12-05T05:48:28.711+0000] {dag.py:4180} INFO - Setting next_dagrun for banking_etl_dag to None, run_after=None
[2025-12-05T05:48:28.788+0000] {processor.py:208} INFO - Processing /opt/airflow/dags/banking_etl_dag.py took 1.190 seconds
[2025-12-05T05:48:59.105+0000] {processor.py:186} INFO - Started process (PID=254) to work on /opt/airflow/dags/banking_etl_dag.py
[2025-12-05T05:48:59.108+0000] {processor.py:914} INFO - Processing file /opt/airflow/dags/banking_etl_dag.py for tasks to queue
[2025-12-05T05:48:59.116+0000] {logging_mixin.py:190} INFO - [2025-12-05T05:48:59.115+0000] {dagbag.py:588} INFO - Filling up the DagBag from /opt/airflow/dags/banking_etl_dag.py
[2025-12-05T05:49:00.099+0000] {processor.py:925} INFO - DAG(s) 'banking_etl_dag' retrieved from /opt/airflow/dags/banking_etl_dag.py
[2025-12-05T05:49:00.174+0000] {logging_mixin.py:190} INFO - [2025-12-05T05:49:00.173+0000] {dag.py:3239} INFO - Sync 1 DAGs
[2025-12-05T05:49:00.209+0000] {logging_mixin.py:190} INFO - [2025-12-05T05:49:00.208+0000] {dag.py:4180} INFO - Setting next_dagrun for banking_etl_dag to None, run_after=None
[2025-12-05T05:49:00.259+0000] {processor.py:208} INFO - Processing /opt/airflow/dags/banking_etl_dag.py took 1.174 seconds
[2025-12-05T05:49:30.812+0000] {processor.py:186} INFO - Started process (PID=267) to work on /opt/airflow/dags/banking_etl_dag.py
[2025-12-05T05:49:30.816+0000] {processor.py:914} INFO - Processing file /opt/airflow/dags/banking_etl_dag.py for tasks to queue
[2025-12-05T05:49:30.822+0000] {logging_mixin.py:190} INFO - [2025-12-05T05:49:30.822+0000] {dagbag.py:588} INFO - Filling up the DagBag from /opt/airflow/dags/banking_etl_dag.py
[2025-12-05T05:49:31.845+0000] {processor.py:925} INFO - DAG(s) 'banking_etl_dag' retrieved from /opt/airflow/dags/banking_etl_dag.py
[2025-12-05T05:49:31.914+0000] {logging_mixin.py:190} INFO - [2025-12-05T05:49:31.914+0000] {dag.py:3239} INFO - Sync 1 DAGs
[2025-12-05T05:49:31.948+0000] {logging_mixin.py:190} INFO - [2025-12-05T05:49:31.948+0000] {dag.py:4180} INFO - Setting next_dagrun for banking_etl_dag to None, run_after=None
[2025-12-05T05:49:31.996+0000] {processor.py:208} INFO - Processing /opt/airflow/dags/banking_etl_dag.py took 1.198 seconds
