[2025-12-05T01:55:45.655+0000] {manager.py:483} INFO - Processing files using up to 2 processes at a time 
[2025-12-05T01:55:45.656+0000] {manager.py:484} INFO - Process each file at most once every 30 seconds
[2025-12-05T01:55:45.658+0000] {manager.py:485} INFO - Checking for new files in /opt/airflow/dags every 300 seconds
[2025-12-05T01:55:45.660+0000] {manager.py:821} INFO - Searching for files in /opt/airflow/dags
[2025-12-05T01:55:45.729+0000] {manager.py:824} INFO - There are 1 files in /opt/airflow/dags
[2025-12-05T01:55:45.985+0000] {manager.py:997} INFO - 
================================================================================
DAG File Processing Stats

File Path                               PID  Runtime      # DAGs    # Errors  Last Runtime    Last Run      Last # of DB Queries
------------------------------------  -----  ---------  --------  ----------  --------------  ----------  ----------------------
/opt/airflow/dags/banking_etl_dag.py     33  0.05s             0           0                                                   0
================================================================================
[2025-12-05T01:56:16.400+0000] {manager.py:997} INFO - 
================================================================================
DAG File Processing Stats

File Path                             PID    Runtime      # DAGs    # Errors  Last Runtime    Last Run               Last # of DB Queries
------------------------------------  -----  ---------  --------  ----------  --------------  -------------------  ----------------------
/opt/airflow/dags/banking_etl_dag.py                           1           0  8.13s           2025-12-05T01:55:54                      39
================================================================================
[2025-12-05T01:56:46.853+0000] {manager.py:997} INFO - 
================================================================================
DAG File Processing Stats

File Path                             PID    Runtime      # DAGs    # Errors  Last Runtime    Last Run               Last # of DB Queries
------------------------------------  -----  ---------  --------  ----------  --------------  -------------------  ----------------------
/opt/airflow/dags/banking_etl_dag.py                           1           0  2.00s           2025-12-05T01:56:26                      10
================================================================================
[2025-12-05T01:57:17.442+0000] {manager.py:997} INFO - 
================================================================================
DAG File Processing Stats

File Path                             PID    Runtime      # DAGs    # Errors  Last Runtime    Last Run               Last # of DB Queries
------------------------------------  -----  ---------  --------  ----------  --------------  -------------------  ----------------------
/opt/airflow/dags/banking_etl_dag.py                           1           0  3.02s           2025-12-05T01:57:00                      10
================================================================================
[2025-12-05T01:57:47.635+0000] {manager.py:997} INFO - 
================================================================================
DAG File Processing Stats

File Path                             PID    Runtime      # DAGs    # Errors  Last Runtime    Last Run               Last # of DB Queries
------------------------------------  -----  ---------  --------  ----------  --------------  -------------------  ----------------------
/opt/airflow/dags/banking_etl_dag.py                           1           0  1.71s           2025-12-05T01:57:32                      10
================================================================================
[2025-12-05T01:58:18.430+0000] {manager.py:997} INFO - 
================================================================================
DAG File Processing Stats

File Path                             PID    Runtime      # DAGs    # Errors  Last Runtime    Last Run               Last # of DB Queries
------------------------------------  -----  ---------  --------  ----------  --------------  -------------------  ----------------------
/opt/airflow/dags/banking_etl_dag.py                           1           0  1.57s           2025-12-05T01:58:04                      10
================================================================================
[2025-12-05T01:58:48.444+0000] {manager.py:997} INFO - 
================================================================================
DAG File Processing Stats

File Path                             PID    Runtime      # DAGs    # Errors  Last Runtime    Last Run               Last # of DB Queries
------------------------------------  -----  ---------  --------  ----------  --------------  -------------------  ----------------------
/opt/airflow/dags/banking_etl_dag.py                           1           0  1.60s           2025-12-05T01:58:36                      10
================================================================================
[2025-12-05T05:35:45.921+0000] {manager.py:483} INFO - Processing files using up to 2 processes at a time 
[2025-12-05T05:35:45.924+0000] {manager.py:484} INFO - Process each file at most once every 30 seconds
[2025-12-05T05:35:45.925+0000] {manager.py:485} INFO - Checking for new files in /opt/airflow/dags every 300 seconds
[2025-12-05T05:35:45.926+0000] {manager.py:821} INFO - Searching for files in /opt/airflow/dags
[2025-12-05T05:35:46.040+0000] {manager.py:824} INFO - There are 1 files in /opt/airflow/dags
[2025-12-05T05:35:46.185+0000] {manager.py:997} INFO - 
================================================================================
DAG File Processing Stats

File Path                               PID  Runtime      # DAGs    # Errors  Last Runtime    Last Run      Last # of DB Queries
------------------------------------  -----  ---------  --------  ----------  --------------  ----------  ----------------------
/opt/airflow/dags/banking_etl_dag.py     72  0.04s             0           0                                                   0
================================================================================
[2025-12-05T05:36:16.474+0000] {manager.py:997} INFO - 
================================================================================
DAG File Processing Stats

File Path                             PID    Runtime      # DAGs    # Errors  Last Runtime    Last Run               Last # of DB Queries
------------------------------------  -----  ---------  --------  ----------  --------------  -------------------  ----------------------
/opt/airflow/dags/banking_etl_dag.py                           1           0  5.63s           2025-12-05T05:35:51                      10
================================================================================
[2025-12-05T05:36:46.651+0000] {manager.py:997} INFO - 
================================================================================
DAG File Processing Stats

File Path                             PID    Runtime      # DAGs    # Errors  Last Runtime    Last Run               Last # of DB Queries
------------------------------------  -----  ---------  --------  ----------  --------------  -------------------  ----------------------
/opt/airflow/dags/banking_etl_dag.py                           1           0  1.29s           2025-12-05T05:36:23                      10
================================================================================
[2025-12-05T05:37:16.755+0000] {manager.py:997} INFO - 
================================================================================
DAG File Processing Stats

File Path                             PID    Runtime      # DAGs    # Errors  Last Runtime    Last Run               Last # of DB Queries
------------------------------------  -----  ---------  --------  ----------  --------------  -------------------  ----------------------
/opt/airflow/dags/banking_etl_dag.py                           1           0  1.23s           2025-12-05T05:36:54                      10
================================================================================
[2025-12-05T05:37:47.052+0000] {manager.py:997} INFO - 
================================================================================
DAG File Processing Stats

File Path                             PID    Runtime      # DAGs    # Errors  Last Runtime    Last Run               Last # of DB Queries
------------------------------------  -----  ---------  --------  ----------  --------------  -------------------  ----------------------
/opt/airflow/dags/banking_etl_dag.py                           1           0  0.96s           2025-12-05T05:37:25                      10
================================================================================
[2025-12-05T05:38:17.648+0000] {manager.py:997} INFO - 
================================================================================
DAG File Processing Stats

File Path                             PID    Runtime      # DAGs    # Errors  Last Runtime    Last Run               Last # of DB Queries
------------------------------------  -----  ---------  --------  ----------  --------------  -------------------  ----------------------
/opt/airflow/dags/banking_etl_dag.py                           1           0  1.61s           2025-12-05T05:37:57                      10
================================================================================
[2025-12-05T05:38:34.919+0000] {manager.py:465} INFO - Exiting gracefully upon receiving signal 15
[2025-12-05T05:39:58.890+0000] {manager.py:483} INFO - Processing files using up to 2 processes at a time 
[2025-12-05T05:39:58.892+0000] {manager.py:484} INFO - Process each file at most once every 30 seconds
[2025-12-05T05:39:58.893+0000] {manager.py:485} INFO - Checking for new files in /opt/airflow/dags every 300 seconds
[2025-12-05T05:39:58.896+0000] {manager.py:821} INFO - Searching for files in /opt/airflow/dags
[2025-12-05T05:39:58.967+0000] {manager.py:824} INFO - There are 1 files in /opt/airflow/dags
[2025-12-05T05:39:59.225+0000] {manager.py:997} INFO - 
================================================================================
DAG File Processing Stats

File Path                               PID  Runtime      # DAGs    # Errors  Last Runtime    Last Run      Last # of DB Queries
------------------------------------  -----  ---------  --------  ----------  --------------  ----------  ----------------------
/opt/airflow/dags/banking_etl_dag.py     33  0.09s             0           0                                                   0
================================================================================
[2025-12-05T05:40:29.753+0000] {manager.py:997} INFO - 
================================================================================
DAG File Processing Stats

File Path                             PID    Runtime      # DAGs    # Errors  Last Runtime    Last Run               Last # of DB Queries
------------------------------------  -----  ---------  --------  ----------  --------------  -------------------  ----------------------
/opt/airflow/dags/banking_etl_dag.py                           1           0  2.37s           2025-12-05T05:40:01                      10
================================================================================
[2025-12-05T05:41:00.046+0000] {manager.py:997} INFO - 
================================================================================
DAG File Processing Stats

File Path                             PID    Runtime      # DAGs    # Errors  Last Runtime    Last Run               Last # of DB Queries
------------------------------------  -----  ---------  --------  ----------  --------------  -------------------  ----------------------
/opt/airflow/dags/banking_etl_dag.py                           1           0  1.80s           2025-12-05T05:40:33                      10
================================================================================
[2025-12-05T05:41:30.050+0000] {manager.py:997} INFO - 
================================================================================
DAG File Processing Stats

File Path                             PID    Runtime      # DAGs    # Errors  Last Runtime    Last Run               Last # of DB Queries
------------------------------------  -----  ---------  --------  ----------  --------------  -------------------  ----------------------
/opt/airflow/dags/banking_etl_dag.py                           1           0  1.60s           2025-12-05T05:41:05                      10
================================================================================
[2025-12-05T05:42:00.487+0000] {manager.py:997} INFO - 
================================================================================
DAG File Processing Stats

File Path                             PID    Runtime      # DAGs    # Errors  Last Runtime    Last Run               Last # of DB Queries
------------------------------------  -----  ---------  --------  ----------  --------------  -------------------  ----------------------
/opt/airflow/dags/banking_etl_dag.py                           1           0  1.54s           2025-12-05T05:41:37                      10
================================================================================
[2025-12-05T05:42:31.320+0000] {manager.py:997} INFO - 
================================================================================
DAG File Processing Stats

File Path                             PID    Runtime      # DAGs    # Errors  Last Runtime    Last Run               Last # of DB Queries
------------------------------------  -----  ---------  --------  ----------  --------------  -------------------  ----------------------
/opt/airflow/dags/banking_etl_dag.py                           1           0  1.54s           2025-12-05T05:42:09                      10
================================================================================
[2025-12-05T05:43:01.381+0000] {manager.py:997} INFO - 
================================================================================
DAG File Processing Stats

File Path                             PID    Runtime      # DAGs    # Errors  Last Runtime    Last Run               Last # of DB Queries
------------------------------------  -----  ---------  --------  ----------  --------------  -------------------  ----------------------
/opt/airflow/dags/banking_etl_dag.py                           1           0  1.62s           2025-12-05T05:42:41                      10
================================================================================
[2025-12-05T05:43:31.436+0000] {manager.py:997} INFO - 
================================================================================
DAG File Processing Stats

File Path                             PID    Runtime      # DAGs    # Errors  Last Runtime    Last Run               Last # of DB Queries
------------------------------------  -----  ---------  --------  ----------  --------------  -------------------  ----------------------
/opt/airflow/dags/banking_etl_dag.py                           1           0  1.62s           2025-12-05T05:43:13                      10
================================================================================
[2025-12-05T05:44:01.816+0000] {manager.py:997} INFO - 
================================================================================
DAG File Processing Stats

File Path                             PID    Runtime      # DAGs    # Errors  Last Runtime    Last Run               Last # of DB Queries
------------------------------------  -----  ---------  --------  ----------  --------------  -------------------  ----------------------
/opt/airflow/dags/banking_etl_dag.py                           1           0  1.33s           2025-12-05T05:43:44                      10
================================================================================
[2025-12-05T05:44:32.517+0000] {manager.py:997} INFO - 
================================================================================
DAG File Processing Stats

File Path                             PID    Runtime      # DAGs    # Errors  Last Runtime    Last Run               Last # of DB Queries
------------------------------------  -----  ---------  --------  ----------  --------------  -------------------  ----------------------
/opt/airflow/dags/banking_etl_dag.py                           1           0  1.32s           2025-12-05T05:44:16                      10
================================================================================
[2025-12-05T05:44:58.968+0000] {manager.py:821} INFO - Searching for files in /opt/airflow/dags
[2025-12-05T05:44:59.029+0000] {manager.py:824} INFO - There are 1 files in /opt/airflow/dags
[2025-12-05T05:45:03.132+0000] {manager.py:997} INFO - 
================================================================================
DAG File Processing Stats

File Path                             PID    Runtime      # DAGs    # Errors  Last Runtime    Last Run               Last # of DB Queries
------------------------------------  -----  ---------  --------  ----------  --------------  -------------------  ----------------------
/opt/airflow/dags/banking_etl_dag.py                           1           0  1.23s           2025-12-05T05:44:47                      10
================================================================================
[2025-12-05T05:45:33.584+0000] {manager.py:997} INFO - 
================================================================================
DAG File Processing Stats

File Path                             PID    Runtime      # DAGs    # Errors  Last Runtime    Last Run               Last # of DB Queries
------------------------------------  -----  ---------  --------  ----------  --------------  -------------------  ----------------------
/opt/airflow/dags/banking_etl_dag.py                           1           0  1.09s           2025-12-05T05:45:19                      10
================================================================================
[2025-12-05T05:46:04.110+0000] {manager.py:997} INFO - 
================================================================================
DAG File Processing Stats

File Path                             PID    Runtime      # DAGs    # Errors  Last Runtime    Last Run               Last # of DB Queries
------------------------------------  -----  ---------  --------  ----------  --------------  -------------------  ----------------------
/opt/airflow/dags/banking_etl_dag.py                           1           0  1.24s           2025-12-05T05:45:51                      10
================================================================================
[2025-12-05T05:46:34.729+0000] {manager.py:997} INFO - 
================================================================================
DAG File Processing Stats

File Path                             PID    Runtime      # DAGs    # Errors  Last Runtime    Last Run               Last # of DB Queries
------------------------------------  -----  ---------  --------  ----------  --------------  -------------------  ----------------------
/opt/airflow/dags/banking_etl_dag.py                           1           0  1.29s           2025-12-05T05:46:22                      10
================================================================================
[2025-12-05T05:47:05.254+0000] {manager.py:997} INFO - 
================================================================================
DAG File Processing Stats

File Path                             PID    Runtime      # DAGs    # Errors  Last Runtime    Last Run               Last # of DB Queries
------------------------------------  -----  ---------  --------  ----------  --------------  -------------------  ----------------------
/opt/airflow/dags/banking_etl_dag.py                           1           0  1.47s           2025-12-05T05:46:54                      10
================================================================================
[2025-12-05T05:47:35.723+0000] {manager.py:997} INFO - 
================================================================================
DAG File Processing Stats

File Path                             PID    Runtime      # DAGs    # Errors  Last Runtime    Last Run               Last # of DB Queries
------------------------------------  -----  ---------  --------  ----------  --------------  -------------------  ----------------------
/opt/airflow/dags/banking_etl_dag.py                           1           0  1.08s           2025-12-05T05:47:25                      10
================================================================================
[2025-12-05T05:48:06.234+0000] {manager.py:997} INFO - 
================================================================================
DAG File Processing Stats

File Path                             PID    Runtime      # DAGs    # Errors  Last Runtime    Last Run               Last # of DB Queries
------------------------------------  -----  ---------  --------  ----------  --------------  -------------------  ----------------------
/opt/airflow/dags/banking_etl_dag.py                           1           0  1.47s           2025-12-05T05:47:57                      10
================================================================================
[2025-12-05T05:48:36.704+0000] {manager.py:997} INFO - 
================================================================================
DAG File Processing Stats

File Path                             PID    Runtime      # DAGs    # Errors  Last Runtime    Last Run               Last # of DB Queries
------------------------------------  -----  ---------  --------  ----------  --------------  -------------------  ----------------------
/opt/airflow/dags/banking_etl_dag.py                           1           0  1.27s           2025-12-05T05:48:28                      10
================================================================================
[2025-12-05T05:49:07.379+0000] {manager.py:997} INFO - 
================================================================================
DAG File Processing Stats

File Path                             PID    Runtime      # DAGs    # Errors  Last Runtime    Last Run               Last # of DB Queries
------------------------------------  -----  ---------  --------  ----------  --------------  -------------------  ----------------------
/opt/airflow/dags/banking_etl_dag.py                           1           0  1.25s           2025-12-05T05:49:00                      10
================================================================================
[2025-12-05T05:49:37.893+0000] {manager.py:997} INFO - 
================================================================================
DAG File Processing Stats

File Path                             PID    Runtime      # DAGs    # Errors  Last Runtime    Last Run               Last # of DB Queries
------------------------------------  -----  ---------  --------  ----------  --------------  -------------------  ----------------------
/opt/airflow/dags/banking_etl_dag.py                           1           0  1.29s           2025-12-05T05:49:32                      10
================================================================================
[2025-12-05T05:49:49.519+0000] {manager.py:465} INFO - Exiting gracefully upon receiving signal 15
