{"timestamp":"2025-12-05T07:16:14.704463Z","level":"info","event":"DAG bundles loaded: dags-folder, example_dags","logger":"airflow.dag_processing.bundles.manager.DagBundlesManager","filename":"manager.py","lineno":179}
{"timestamp":"2025-12-05T07:16:14.707307Z","level":"info","event":"Filling up the DagBag from /opt/airflow/dags/banking_etl_dag.py","logger":"airflow.models.dagbag.DagBag","filename":"dagbag.py","lineno":593}
{"timestamp":"2025-12-05T07:16:14.795199Z","level":"info","event":"Task instance is in running state","logger":"task.stdout"}
{"timestamp":"2025-12-05T07:16:14.796416Z","level":"info","event":" Previous state of the Task instance: TaskInstanceState.QUEUED","logger":"task.stdout"}
{"timestamp":"2025-12-05T07:16:14.797712Z","level":"info","event":"Current task name:run_dbt_transform","logger":"task.stdout"}
{"timestamp":"2025-12-05T07:16:14.798631Z","level":"info","event":"Dag name:banking_etl_dag","logger":"task.stdout"}
{"timestamp":"2025-12-05T07:16:14.797876Z","level":"info","event":"Tmp dir root location: /tmp","logger":"airflow.task.hooks.airflow.providers.standard.hooks.subprocess.SubprocessHook","filename":"subprocess.py","lineno":78}
{"timestamp":"2025-12-05T07:16:14.803163Z","level":"info","event":"Running command: ['/usr/bin/bash', '-c', '\\n        cd /opt/airflow/dbt/banking_dw &&         dbt run --profiles-dir /opt/airflow/dbt/banking_dw\\n        ']","logger":"airflow.task.hooks.airflow.providers.standard.hooks.subprocess.SubprocessHook","filename":"subprocess.py","lineno":88}
{"timestamp":"2025-12-05T07:16:14.868429Z","level":"info","event":"Output:","logger":"airflow.task.hooks.airflow.providers.standard.hooks.subprocess.SubprocessHook","filename":"subprocess.py","lineno":99}
{"timestamp":"2025-12-05T07:16:22.000187Z","level":"info","event":"\u001b[0m07:16:21  Running with dbt=1.10.15","logger":"airflow.task.hooks.airflow.providers.standard.hooks.subprocess.SubprocessHook","filename":"subprocess.py","lineno":106}
{"timestamp":"2025-12-05T07:16:23.083621Z","level":"info","event":"\u001b[0m07:16:23  Registered adapter: duckdb=1.9.4","logger":"airflow.task.hooks.airflow.providers.standard.hooks.subprocess.SubprocessHook","filename":"subprocess.py","lineno":106}
{"timestamp":"2025-12-05T07:16:25.195519Z","level":"info","event":"\u001b[0m07:16:25  Found 6 models, 3 seeds, 24 data tests, 3 sources, 454 macros","logger":"airflow.task.hooks.airflow.providers.standard.hooks.subprocess.SubprocessHook","filename":"subprocess.py","lineno":106}
{"timestamp":"2025-12-05T07:16:25.219339Z","level":"info","event":"\u001b[0m07:16:25","logger":"airflow.task.hooks.airflow.providers.standard.hooks.subprocess.SubprocessHook","filename":"subprocess.py","lineno":106}
{"timestamp":"2025-12-05T07:16:25.224310Z","level":"info","event":"\u001b[0m07:16:25  Concurrency: 4 threads (target='dev')","logger":"airflow.task.hooks.airflow.providers.standard.hooks.subprocess.SubprocessHook","filename":"subprocess.py","lineno":106}
{"timestamp":"2025-12-05T07:16:25.227282Z","level":"info","event":"\u001b[0m07:16:25","logger":"airflow.task.hooks.airflow.providers.standard.hooks.subprocess.SubprocessHook","filename":"subprocess.py","lineno":106}
{"timestamp":"2025-12-05T07:16:26.010812Z","level":"info","event":"\u001b[0m07:16:26  1 of 6 START sql view model main.stg_account ................................... [RUN]","logger":"airflow.task.hooks.airflow.providers.standard.hooks.subprocess.SubprocessHook","filename":"subprocess.py","lineno":106}
{"timestamp":"2025-12-05T07:16:26.013365Z","level":"info","event":"\u001b[0m07:16:26  2 of 6 START sql view model main.stg_customer .................................. [RUN]","logger":"airflow.task.hooks.airflow.providers.standard.hooks.subprocess.SubprocessHook","filename":"subprocess.py","lineno":106}
{"timestamp":"2025-12-05T07:16:26.015834Z","level":"info","event":"\u001b[0m07:16:26  3 of 6 START sql view model main.stg_transaction ............................... [RUN]","logger":"airflow.task.hooks.airflow.providers.standard.hooks.subprocess.SubprocessHook","filename":"subprocess.py","lineno":106}
{"timestamp":"2025-12-05T07:16:26.865657Z","level":"info","event":"\u001b[0m07:16:26  1 of 6 OK created sql view model main.stg_account .............................. [\u001b[32mOK\u001b[0m in 0.84s]","logger":"airflow.task.hooks.airflow.providers.standard.hooks.subprocess.SubprocessHook","filename":"subprocess.py","lineno":106}
{"timestamp":"2025-12-05T07:16:26.868915Z","level":"info","event":"\u001b[0m07:16:26  2 of 6 OK created sql view model main.stg_customer ............................. [\u001b[32mOK\u001b[0m in 0.84s]","logger":"airflow.task.hooks.airflow.providers.standard.hooks.subprocess.SubprocessHook","filename":"subprocess.py","lineno":106}
{"timestamp":"2025-12-05T07:16:26.871533Z","level":"info","event":"\u001b[0m07:16:26  3 of 6 OK created sql view model main.stg_transaction .......................... [\u001b[32mOK\u001b[0m in 0.84s]","logger":"airflow.task.hooks.airflow.providers.standard.hooks.subprocess.SubprocessHook","filename":"subprocess.py","lineno":106}
{"timestamp":"2025-12-05T07:16:26.891070Z","level":"info","event":"\u001b[0m07:16:26  4 of 6 START sql view model main.dim_customer .................................. [RUN]","logger":"airflow.task.hooks.airflow.providers.standard.hooks.subprocess.SubprocessHook","filename":"subprocess.py","lineno":106}
{"timestamp":"2025-12-05T07:16:26.895105Z","level":"info","event":"\u001b[0m07:16:26  5 of 6 START sql view model main.int_daily_balance ............................. [RUN]","logger":"airflow.task.hooks.airflow.providers.standard.hooks.subprocess.SubprocessHook","filename":"subprocess.py","lineno":106}
{"timestamp":"2025-12-05T07:16:27.173392Z","level":"info","event":"\u001b[0m07:16:27  5 of 6 OK created sql view model main.int_daily_balance ........................ [\u001b[32mOK\u001b[0m in 0.27s]","logger":"airflow.task.hooks.airflow.providers.standard.hooks.subprocess.SubprocessHook","filename":"subprocess.py","lineno":106}
{"timestamp":"2025-12-05T07:16:27.189785Z","level":"info","event":"\u001b[0m07:16:27  4 of 6 OK created sql view model main.dim_customer ............................. [\u001b[32mOK\u001b[0m in 0.29s]","logger":"airflow.task.hooks.airflow.providers.standard.hooks.subprocess.SubprocessHook","filename":"subprocess.py","lineno":106}
{"timestamp":"2025-12-05T07:16:27.200680Z","level":"info","event":"\u001b[0m07:16:27  6 of 6 START sql view model main.fact_transaction .............................. [RUN]","logger":"airflow.task.hooks.airflow.providers.standard.hooks.subprocess.SubprocessHook","filename":"subprocess.py","lineno":106}
{"timestamp":"2025-12-05T07:16:27.493385Z","level":"info","event":"\u001b[0m07:16:27  6 of 6 OK created sql view model main.fact_transaction ......................... [\u001b[32mOK\u001b[0m in 0.29s]","logger":"airflow.task.hooks.airflow.providers.standard.hooks.subprocess.SubprocessHook","filename":"subprocess.py","lineno":106}
{"timestamp":"2025-12-05T07:16:27.533625Z","level":"info","event":"\u001b[0m07:16:27","logger":"airflow.task.hooks.airflow.providers.standard.hooks.subprocess.SubprocessHook","filename":"subprocess.py","lineno":106}
{"timestamp":"2025-12-05T07:16:27.535748Z","level":"info","event":"\u001b[0m07:16:27  Finished running 6 view models in 0 hours 0 minutes and 2.30 seconds (2.30s).","logger":"airflow.task.hooks.airflow.providers.standard.hooks.subprocess.SubprocessHook","filename":"subprocess.py","lineno":106}
{"timestamp":"2025-12-05T07:16:27.722156Z","level":"info","event":"\u001b[0m07:16:27","logger":"airflow.task.hooks.airflow.providers.standard.hooks.subprocess.SubprocessHook","filename":"subprocess.py","lineno":106}
{"timestamp":"2025-12-05T07:16:27.725216Z","level":"info","event":"\u001b[0m07:16:27  \u001b[32mCompleted successfully\u001b[0m","logger":"airflow.task.hooks.airflow.providers.standard.hooks.subprocess.SubprocessHook","filename":"subprocess.py","lineno":106}
{"timestamp":"2025-12-05T07:16:27.727811Z","level":"info","event":"\u001b[0m07:16:27","logger":"airflow.task.hooks.airflow.providers.standard.hooks.subprocess.SubprocessHook","filename":"subprocess.py","lineno":106}
{"timestamp":"2025-12-05T07:16:27.730352Z","level":"info","event":"\u001b[0m07:16:27  Done. PASS=6 WARN=0 ERROR=0 SKIP=0 NO-OP=0 TOTAL=6","logger":"airflow.task.hooks.airflow.providers.standard.hooks.subprocess.SubprocessHook","filename":"subprocess.py","lineno":106}
{"timestamp":"2025-12-05T07:16:30.379880Z","level":"info","event":"Command exited with return code 0","logger":"airflow.task.hooks.airflow.providers.standard.hooks.subprocess.SubprocessHook","filename":"subprocess.py","lineno":110}
{"timestamp":"2025-12-05T07:16:30.381741Z","level":"info","event":"Pushing xcom","ti":"RuntimeTaskInstance(id=UUID('019aed5e-433d-77a0-878e-c48695b2a393'), task_id='run_dbt_transform', dag_id='banking_etl_dag', run_id='scheduled__2025-12-05T00:00:00+00:00', try_number=1, dag_version_id=UUID('019aed50-3464-783e-b01a-0998ae09e46d'), map_index=-1, hostname='3b82fd80fae0', context_carrier={}, task=<Task(BashOperator): run_dbt_transform>, bundle_instance=LocalDagBundle(name=dags-folder), max_tries=1, start_date=datetime.datetime(2025, 12, 5, 7, 16, 13, 601228, tzinfo=datetime.timezone.utc), end_date=None, state=<TaskInstanceState.RUNNING: 'running'>, is_mapped=False, rendered_map_index=None)","logger":"task","filename":"task_runner.py","lineno":1360}
{"timestamp":"2025-12-05T07:16:30.511517Z","level":"info","event":"Task instance in success state","logger":"task.stdout"}
{"timestamp":"2025-12-05T07:16:30.513201Z","level":"info","event":" Previous state of the Task instance: TaskInstanceState.RUNNING","logger":"task.stdout"}
{"timestamp":"2025-12-05T07:16:30.515059Z","level":"info","event":"Task operator:<Task(BashOperator): run_dbt_transform>","logger":"task.stdout"}
